<?xml version="1.0" encoding="UTF-8"?>
<testng-results skipped="0" failed="0" ignored="0" total="1" passed="1">
  <reporter-output>
  </reporter-output>
  <suite name="Suite" duration-ms="802" started-at="2018-12-01T04:57:31Z" finished-at="2018-12-01T04:57:32Z">
    <groups>
    </groups>
    <test name="Test" duration-ms="802" started-at="2018-12-01T04:57:31Z" finished-at="2018-12-01T04:57:32Z">
      <class name="com.growsure.app.toVerifyHeaderContent">
        <test-method status="PASS" signature="toInvokeBrowser()[pri:0, instance:com.growsure.app.toVerifyHeaderContent@29774679]" name="toInvokeBrowser" is-config="true" duration-ms="28616" started-at="2018-12-01T04:57:03Z" finished-at="2018-12-01T04:57:31Z">
          <reporter-output>
          </reporter-output>
        </test-method> <!-- toInvokeBrowser -->
        <test-method status="PASS" signature="toVerifyHeader()[pri:0, instance:com.growsure.app.toVerifyHeaderContent@29774679]" name="toVerifyHeader" duration-ms="678" started-at="2018-12-01T04:57:31Z" finished-at="2018-12-01T04:57:32Z">
          <reporter-output>
          </reporter-output>
        </test-method> <!-- toVerifyHeader -->
      </class> <!-- com.growsure.app.toVerifyHeaderContent -->
    </test> <!-- Test -->
  </suite> <!-- Suite -->
</testng-results>
